# JRE version: Java(TM) SE Runtime Environment (17.0.10+11) (build 17.0.10+11-LTS-240)
# Java VM: Java HotSpot(TM) 64-Bit Server VM (17.0.10+11-LTS-240, mixed mode, sharing, tiered, compressed oops, compressed class ptrs, g1 gc, windows-amd64)
GC Precious Log:
 CPUs: 4 total, 4 available
 Memory: 2996M
 Large Page Support: Disabled
 NUMA Support: Disabled
 Compressed Oops: Enabled (32-bit)
 Heap Region Size: 1M
 Heap Min Capacity: 8M
 Heap Initial Capacity: 48M
 Heap Max Capacity: 750M
 Pre-touch: Disabled
 Parallel Workers: 4
 Concurrent Workers: 1
 Concurrent Refinement Workers: 4
 Periodic GC: Disabled
Heap:
 garbage-first heap   total 49152K, used 28599K [0x00000000d1200000, 0x0000000100000000)
  region size 1024K, 23 young (23552K), 2 survivors (2048K)
 Metaspace       used 18554K, committed 18880K, reserved 1114112K
  class space    used 2199K, committed 2368K, reserved 1048576K
GC Heap History (6 events):
Event: 4.161 GC heap before
{Heap before GC invocations=0 (full 0):
 garbage-first heap   total 49152K, used 12288K [0x00000000d1200000, 0x0000000100000000)
  region size 1024K, 13 young (13312K), 0 survivors (0K)
 Metaspace       used 4961K, committed 5184K, reserved 1114112K
  class space    used 526K, committed 640K, reserved 1048576K
}
Event: 4.201 GC heap after
{Heap after GC invocations=1 (full 0):
 garbage-first heap   total 49152K, used 6472K [0x00000000d1200000, 0x0000000100000000)
  region size 1024K, 2 young (2048K), 2 survivors (2048K)
 Metaspace       used 4961K, committed 5184K, reserved 1114112K
  class space    used 526K, committed 640K, reserved 1048576K
}
Event: 4.947 GC heap before
{Heap before GC invocations=1 (full 0):
 garbage-first heap   total 49152K, used 14664K [0x00000000d1200000, 0x0000000100000000)
  region size 1024K, 10 young (10240K), 2 survivors (2048K)
 Metaspace       used 6815K, committed 7040K, reserved 1114112K
  class space    used 680K, committed 768K, reserved 1048576K
}
Event: 4.955 GC heap after
{Heap after GC invocations=2 (full 0):
 garbage-first heap   total 49152K, used 7510K [0x00000000d1200000, 0x0000000100000000)
  region size 1024K, 1 young (1024K), 1 survivors (1024K)
 Metaspace       used 6815K, committed 7040K, reserved 1114112K
  class space    used 680K, committed 768K, reserved 1048576K
}
Event: 6.959 GC heap before
{Heap before GC invocations=2 (full 0):
 garbage-first heap   total 49152K, used 21846K [0x00000000d1200000, 0x0000000100000000)
  region size 1024K, 15 young (15360K), 1 survivors (1024K)
 Metaspace       used 9993K, committed 10240K, reserved 1114112K
  class space    used 1090K, committed 1216K, reserved 1048576K
}
Event: 6.967 GC heap after
{Heap after GC invocations=3 (full 0):
 garbage-first heap   total 49152K, used 8119K [0x00000000d1200000, 0x0000000100000000)
  region size 1024K, 2 young (2048K), 2 survivors (2048K)
 Metaspace       used 9993K, committed 10240K, reserved 1114112K
  class space    used 1090K, committed 1216K, reserved 1048576K
}

