# JRE version: Java(TM) SE Runtime Environment (17.0.10+11) (build 17.0.10+11-LTS-240)
# Java VM: Java HotSpot(TM) 64-Bit Server VM (17.0.10+11-LTS-240, mixed mode, sharing, tiered, compressed oops, compressed class ptrs, g1 gc, windows-amd64)
GC Precious Log:
 CPUs: 4 total, 4 available
 Memory: 2996M
 Large Page Support: Disabled
 NUMA Support: Disabled
 Compressed Oops: Enabled (32-bit)
 Heap Region Size: 1M
 Heap Min Capacity: 8M
 Heap Initial Capacity: 48M
 Heap Max Capacity: 750M
 Pre-touch: Disabled
 Parallel Workers: 4
 Concurrent Workers: 1
 Concurrent Refinement Workers: 4
 Periodic GC: Disabled
Heap:
 garbage-first heap   total 49152K, used 14107K [0x00000000d1200000, 0x0000000100000000)
  region size 1024K, 7 young (7168K), 3 survivors (3072K)
 Metaspace       used 19648K, committed 19968K, reserved 1114112K
  class space    used 2355K, committed 2496K, reserved 1048576K
GC Heap History (8 events):
Event: 2.845 GC heap before
{Heap before GC invocations=0 (full 0):
 garbage-first heap   total 49152K, used 12288K [0x00000000d1200000, 0x0000000100000000)
  region size 1024K, 13 young (13312K), 0 survivors (0K)
 Metaspace       used 4971K, committed 5184K, reserved 1114112K
  class space    used 527K, committed 640K, reserved 1048576K
}
Event: 2.860 GC heap after
{Heap after GC invocations=1 (full 0):
 garbage-first heap   total 49152K, used 6798K [0x00000000d1200000, 0x0000000100000000)
  region size 1024K, 2 young (2048K), 2 survivors (2048K)
 Metaspace       used 4971K, committed 5184K, reserved 1114112K
  class space    used 527K, committed 640K, reserved 1048576K
}
Event: 3.507 GC heap before
{Heap before GC invocations=1 (full 0):
 garbage-first heap   total 49152K, used 13966K [0x00000000d1200000, 0x0000000100000000)
  region size 1024K, 10 young (10240K), 2 survivors (2048K)
 Metaspace       used 6865K, committed 7040K, reserved 1114112K
  class space    used 681K, committed 768K, reserved 1048576K
}
Event: 3.516 GC heap after
{Heap after GC invocations=2 (full 0):
 garbage-first heap   total 49152K, used 7743K [0x00000000d1200000, 0x0000000100000000)
  region size 1024K, 1 young (1024K), 1 survivors (1024K)
 Metaspace       used 6865K, committed 7040K, reserved 1114112K
  class space    used 681K, committed 768K, reserved 1048576K
}
Event: 4.445 GC heap before
{Heap before GC invocations=2 (full 0):
 garbage-first heap   total 49152K, used 22079K [0x00000000d1200000, 0x0000000100000000)
  region size 1024K, 15 young (15360K), 1 survivors (1024K)
 Metaspace       used 10013K, committed 10240K, reserved 1114112K
  class space    used 1094K, committed 1216K, reserved 1048576K
}
Event: 4.452 GC heap after
{Heap after GC invocations=3 (full 0):
 garbage-first heap   total 49152K, used 8278K [0x00000000d1200000, 0x0000000100000000)
  region size 1024K, 2 young (2048K), 2 survivors (2048K)
 Metaspace       used 10013K, committed 10240K, reserved 1114112K
  class space    used 1094K, committed 1216K, reserved 1048576K
}
Event: 17.215 GC heap before
{Heap before GC invocations=3 (full 0):
 garbage-first heap   total 49152K, used 29782K [0x00000000d1200000, 0x0000000100000000)
  region size 1024K, 23 young (23552K), 2 survivors (2048K)
 Metaspace       used 18747K, committed 19136K, reserved 1114112K
  class space    used 2235K, committed 2432K, reserved 1048576K
}
Event: 17.229 GC heap after
{Heap after GC invocations=4 (full 0):
 garbage-first heap   total 49152K, used 11035K [0x00000000d1200000, 0x0000000100000000)
  region size 1024K, 3 young (3072K), 3 survivors (3072K)
 Metaspace       used 18747K, committed 19136K, reserved 1114112K
  class space    used 2235K, committed 2432K, reserved 1048576K
}

